# JRE version: OpenJDK Runtime Environment JBR-17.0.9+8-1166.2-nomod (17.0.9+8) (build 17.0.9+8-b1166.2)
# Java VM: OpenJDK 64-Bit Server VM JBR-17.0.9+8-1166.2-nomod (17.0.9+8-b1166.2, mixed mode, tiered, compressed oops, compressed class ptrs, g1 gc, windows-amd64)
GC Precious Log:
 CPUs: 8 total, 8 available
 Memory: 8014M
 Large Page Support: Disabled
 NUMA Support: Disabled
 Compressed Oops: Enabled (32-bit)
 Heap Region Size: 1M
 Heap Min Capacity: 256M
 Heap Initial Capacity: 256M
 Heap Max Capacity: 512M
 Pre-touch: Disabled
 Parallel Workers: 8
 Concurrent Workers: 2
 Concurrent Refinement Workers: 8
 Periodic GC: Disabled
Heap:
 garbage-first heap   total 262144K, used 101386K [0x00000000e0000000, 0x0000000100000000)
  region size 1024K, 31 young (31744K), 11 survivors (11264K)
 Metaspace       used 77626K, committed 78336K, reserved 458752K
  class space    used 10318K, committed 10624K, reserved 327680K
GC Heap History (20 events):
Event: 38.281 GC heap before
{Heap before GC invocations=7 (full 0):
 garbage-first heap   total 262144K, used 133116K [0x00000000e0000000, 0x0000000100000000)
  region size 1024K, 113 young (115712K), 16 survivors (16384K)
 Metaspace       used 59554K, committed 60096K, reserved 393216K
  class space    used 8218K, committed 8448K, reserved 327680K
}
Event: 38.303 GC heap after
{Heap after GC invocations=8 (full 0):
 garbage-first heap   total 262144K, used 44032K [0x00000000e0000000, 0x0000000100000000)
  region size 1024K, 10 young (10240K), 10 survivors (10240K)
 Metaspace       used 59554K, committed 60096K, reserved 393216K
  class space    used 8218K, committed 8448K, reserved 327680K
}
Event: 45.982 GC heap before
{Heap before GC invocations=9 (full 0):
 garbage-first heap   total 262144K, used 189440K [0x00000000e0000000, 0x0000000100000000)
  region size 1024K, 153 young (156672K), 10 survivors (10240K)
 Metaspace       used 63825K, committed 64448K, reserved 393216K
  class space    used 8668K, committed 8960K, reserved 327680K
}
Event: 46.005 GC heap after
{Heap after GC invocations=10 (full 0):
 garbage-first heap   total 262144K, used 56150K [0x00000000e0000000, 0x0000000100000000)
  region size 1024K, 20 young (20480K), 20 survivors (20480K)
 Metaspace       used 63825K, committed 64448K, reserved 393216K
  class space    used 8668K, committed 8960K, reserved 327680K
}
Event: 46.035 GC heap before
{Heap before GC invocations=10 (full 0):
 garbage-first heap   total 262144K, used 56150K [0x00000000e0000000, 0x0000000100000000)
  region size 1024K, 21 young (21504K), 20 survivors (20480K)
 Metaspace       used 63835K, committed 64448K, reserved 393216K
  class space    used 8669K, committed 8960K, reserved 327680K
}
Event: 46.059 GC heap after
{Heap after GC invocations=11 (full 0):
 garbage-first heap   total 262144K, used 58315K [0x00000000e0000000, 0x0000000100000000)
  region size 1024K, 3 young (3072K), 3 survivors (3072K)
 Metaspace       used 63835K, committed 64448K, reserved 393216K
  class space    used 8669K, committed 8960K, reserved 327680K
}
Event: 49.228 GC heap before
{Heap before GC invocations=11 (full 0):
 garbage-first heap   total 262144K, used 196555K [0x00000000e0000000, 0x0000000100000000)
  region size 1024K, 138 young (141312K), 3 survivors (3072K)
 Metaspace       used 71402K, committed 71936K, reserved 393216K
  class space    used 9714K, committed 9920K, reserved 327680K
}
Event: 49.248 GC heap after
{Heap after GC invocations=12 (full 0):
 garbage-first heap   total 262144K, used 70963K [0x00000000e0000000, 0x0000000100000000)
  region size 1024K, 15 young (15360K), 15 survivors (15360K)
 Metaspace       used 71402K, committed 71936K, reserved 393216K
  class space    used 9714K, committed 9920K, reserved 327680K
}
Event: 150.490 GC heap before
{Heap before GC invocations=12 (full 0):
 garbage-first heap   total 262144K, used 198963K [0x00000000e0000000, 0x0000000100000000)
  region size 1024K, 139 young (142336K), 15 survivors (15360K)
 Metaspace       used 75590K, committed 76224K, reserved 458752K
  class space    used 10239K, committed 10560K, reserved 327680K
}
Event: 150.567 GC heap after
{Heap after GC invocations=13 (full 0):
 garbage-first heap   total 262144K, used 78502K [0x00000000e0000000, 0x0000000100000000)
  region size 1024K, 10 young (10240K), 10 survivors (10240K)
 Metaspace       used 75590K, committed 76224K, reserved 458752K
  class space    used 10239K, committed 10560K, reserved 327680K
}
Event: 461.738 GC heap before
{Heap before GC invocations=13 (full 0):
 garbage-first heap   total 262144K, used 199334K [0x00000000e0000000, 0x0000000100000000)
  region size 1024K, 129 young (132096K), 10 survivors (10240K)
 Metaspace       used 76175K, committed 76864K, reserved 458752K
  class space    used 10247K, committed 10560K, reserved 327680K
}
Event: 461.849 GC heap after
{Heap after GC invocations=14 (full 0):
 garbage-first heap   total 262144K, used 72587K [0x00000000e0000000, 0x0000000100000000)
  region size 1024K, 2 young (2048K), 2 survivors (2048K)
 Metaspace       used 76175K, committed 76864K, reserved 458752K
  class space    used 10247K, committed 10560K, reserved 327680K
}
Event: 624.085 GC heap before
{Heap before GC invocations=14 (full 0):
 garbage-first heap   total 262144K, used 204683K [0x00000000e0000000, 0x0000000100000000)
  region size 1024K, 132 young (135168K), 2 survivors (2048K)
 Metaspace       used 76696K, committed 77440K, reserved 458752K
  class space    used 10271K, committed 10560K, reserved 327680K
}
Event: 624.140 GC heap after
{Heap after GC invocations=15 (full 0):
 garbage-first heap   total 262144K, used 85173K [0x00000000e0000000, 0x0000000100000000)
  region size 1024K, 14 young (14336K), 14 survivors (14336K)
 Metaspace       used 76696K, committed 77440K, reserved 458752K
  class space    used 10271K, committed 10560K, reserved 327680K
}
Event: 632.583 GC heap before
{Heap before GC invocations=15 (full 0):
 garbage-first heap   total 262144K, used 207029K [0x00000000e0000000, 0x0000000100000000)
  region size 1024K, 131 young (134144K), 14 survivors (14336K)
 Metaspace       used 77335K, committed 78016K, reserved 458752K
  class space    used 10313K, committed 10624K, reserved 327680K
}
Event: 632.595 GC heap after
{Heap after GC invocations=16 (full 0):
 garbage-first heap   total 262144K, used 79632K [0x00000000e0000000, 0x0000000100000000)
  region size 1024K, 7 young (7168K), 7 survivors (7168K)
 Metaspace       used 77335K, committed 78016K, reserved 458752K
  class space    used 10313K, committed 10624K, reserved 327680K
}
Event: 676.845 GC heap before
{Heap before GC invocations=16 (full 0):
 garbage-first heap   total 262144K, used 205584K [0x00000000e0000000, 0x0000000100000000)
  region size 1024K, 130 young (133120K), 7 survivors (7168K)
 Metaspace       used 77464K, committed 78144K, reserved 458752K
  class space    used 10317K, committed 10624K, reserved 327680K
}
Event: 676.848 GC heap after
{Heap after GC invocations=17 (full 0):
 garbage-first heap   total 262144K, used 72801K [0x00000000e0000000, 0x0000000100000000)
  region size 1024K, 2 young (2048K), 2 survivors (2048K)
 Metaspace       used 77464K, committed 78144K, reserved 458752K
  class space    used 10317K, committed 10624K, reserved 327680K
}
Event: 719.840 GC heap before
{Heap before GC invocations=17 (full 0):
 garbage-first heap   total 262144K, used 208993K [0x00000000e0000000, 0x0000000100000000)
  region size 1024K, 136 young (139264K), 2 survivors (2048K)
 Metaspace       used 77603K, committed 78272K, reserved 458752K
  class space    used 10317K, committed 10624K, reserved 327680K
}
Event: 719.856 GC heap after
{Heap after GC invocations=18 (full 0):
 garbage-first heap   total 262144K, used 81930K [0x00000000e0000000, 0x0000000100000000)
  region size 1024K, 11 young (11264K), 11 survivors (11264K)
 Metaspace       used 77603K, committed 78272K, reserved 458752K
  class space    used 10317K, committed 10624K, reserved 327680K
}

